{"C:\\Users\\ÄGARE\\Desktop\\Bouldering 1.0\\Frontend\\src\\pages\\Login\\Login.scss": {"path":"C:\\Users\\ÄGARE\\Desktop\\Bouldering 1.0\\Frontend\\src\\pages\\Login\\Login.scss","statementMap":{},"fnMap":{},"branchMap":{},"s":{},"f":{},"b":{},"meta":{"lastBranch":0,"lastFunction":0,"lastStatement":0,"seen":{}}}
,"C:\\Users\\ÄGARE\\Desktop\\Bouldering 1.0\\Frontend\\src\\pages\\Login\\Login.tsx": {"path":"C:\\Users\\ÄGARE\\Desktop\\Bouldering 1.0\\Frontend\\src\\pages\\Login\\Login.tsx","statementMap":{"0":{"start":{"line":6,"column":14},"end":{"line":66,"column":null}},"1":{"start":{"line":7,"column":24},"end":{"line":7,"column":null}},"2":{"start":{"line":8,"column":30},"end":{"line":8,"column":null}},"3":{"start":{"line":9,"column":24},"end":{"line":9,"column":null}},"4":{"start":{"line":10,"column":8},"end":{"line":10,"column":null}},"5":{"start":{"line":12,"column":23},"end":{"line":22,"column":null}},"6":{"start":{"line":13,"column":4},"end":{"line":13,"column":null}},"7":{"start":{"line":14,"column":4},"end":{"line":14,"column":null}},"8":{"start":{"line":15,"column":4},"end":{"line":21,"column":null}},"9":{"start":{"line":16,"column":23},"end":{"line":16,"column":null}},"10":{"start":{"line":17,"column":6},"end":{"line":17,"column":null}},"11":{"start":{"line":18,"column":6},"end":{"line":18,"column":null}},"12":{"start":{"line":20,"column":6},"end":{"line":20,"column":null}},"13":{"start":{"line":24,"column":2},"end":{"line":64,"column":null}},"14":{"start":{"line":37,"column":29},"end":{"line":37,"column":null}},"15":{"start":{"line":51,"column":29},"end":{"line":51,"column":null}}},"fnMap":{"0":{"name":"(anonymous_0)","decl":{"start":{"line":6,"column":14},"end":{"line":6,"column":20}},"loc":{"start":{"line":6,"column":20},"end":{"line":66,"column":null}},"line":6},"1":{"name":"(anonymous_1)","decl":{"start":{"line":12,"column":23},"end":{"line":12,"column":30}},"loc":{"start":{"line":12,"column":53},"end":{"line":22,"column":null}},"line":12},"2":{"name":"(anonymous_2)","decl":{"start":{"line":37,"column":22},"end":{"line":37,"column":23}},"loc":{"start":{"line":37,"column":29},"end":{"line":37,"column":null}},"line":37},"3":{"name":"(anonymous_3)","decl":{"start":{"line":51,"column":22},"end":{"line":51,"column":23}},"loc":{"start":{"line":51,"column":29},"end":{"line":51,"column":null}},"line":51}},"branchMap":{"0":{"loc":{"start":{"line":20,"column":15},"end":{"line":20,"column":60}},"type":"binary-expr","locations":[{"start":{"line":20,"column":15},"end":{"line":20,"column":46}},{"start":{"line":20,"column":46},"end":{"line":20,"column":60}}],"line":20},"1":{"loc":{"start":{"line":29,"column":9},"end":{"line":29,"column":null}},"type":"binary-expr","locations":[{"start":{"line":29,"column":9},"end":{"line":29,"column":18}},{"start":{"line":29,"column":18},"end":{"line":29,"column":null}}],"line":29}},"s":{"0":1,"1":61,"2":61,"3":61,"4":61,"5":61,"6":2,"7":2,"8":2,"9":2,"10":1,"11":1,"12":1,"13":61,"14":27,"15":28},"f":{"0":61,"1":2,"2":27,"3":28},"b":{"0":[1,0],"1":[61,1]},"meta":{"lastBranch":2,"lastFunction":4,"lastStatement":16,"seen":{"s:6:14:66:Infinity":0,"f:6:14:6:20":0,"s:7:24:7:Infinity":1,"s:8:30:8:Infinity":2,"s:9:24:9:Infinity":3,"s:10:8:10:Infinity":4,"s:12:23:22:Infinity":5,"f:12:23:12:30":1,"s:13:4:13:Infinity":6,"s:14:4:14:Infinity":7,"s:15:4:21:Infinity":8,"s:16:23:16:Infinity":9,"s:17:6:17:Infinity":10,"s:18:6:18:Infinity":11,"s:20:6:20:Infinity":12,"b:20:15:20:46:20:46:20:60":0,"s:24:2:64:Infinity":13,"b:29:9:29:18:29:18:29:Infinity":1,"f:37:22:37:23":2,"s:37:29:37:Infinity":14,"f:51:22:51:23":3,"s:51:29:51:Infinity":15}}}
,"C:\\Users\\ÄGARE\\Desktop\\Bouldering 1.0\\Frontend\\src\\pages\\Register\\Register.scss": {"path":"C:\\Users\\ÄGARE\\Desktop\\Bouldering 1.0\\Frontend\\src\\pages\\Register\\Register.scss","statementMap":{},"fnMap":{},"branchMap":{},"s":{},"f":{},"b":{},"meta":{"lastBranch":0,"lastFunction":0,"lastStatement":0,"seen":{}}}
,"C:\\Users\\ÄGARE\\Desktop\\Bouldering 1.0\\Frontend\\src\\pages\\Register\\Register.tsx": {"path":"C:\\Users\\ÄGARE\\Desktop\\Bouldering 1.0\\Frontend\\src\\pages\\Register\\Register.tsx","statementMap":{"0":{"start":{"line":6,"column":17},"end":{"line":72,"column":null}},"1":{"start":{"line":7,"column":30},"end":{"line":7,"column":null}},"2":{"start":{"line":8,"column":24},"end":{"line":8,"column":null}},"3":{"start":{"line":9,"column":30},"end":{"line":9,"column":null}},"4":{"start":{"line":10,"column":24},"end":{"line":10,"column":null}},"5":{"start":{"line":11,"column":8},"end":{"line":11,"column":null}},"6":{"start":{"line":13,"column":23},"end":{"line":22,"column":null}},"7":{"start":{"line":14,"column":4},"end":{"line":14,"column":null}},"8":{"start":{"line":15,"column":4},"end":{"line":15,"column":null}},"9":{"start":{"line":16,"column":4},"end":{"line":21,"column":null}},"10":{"start":{"line":17,"column":6},"end":{"line":17,"column":null}},"11":{"start":{"line":18,"column":6},"end":{"line":18,"column":null}},"12":{"start":{"line":20,"column":6},"end":{"line":20,"column":null}},"13":{"start":{"line":24,"column":2},"end":{"line":70,"column":null}},"14":{"start":{"line":35,"column":29},"end":{"line":35,"column":null}},"15":{"start":{"line":46,"column":29},"end":{"line":46,"column":null}},"16":{"start":{"line":57,"column":29},"end":{"line":57,"column":null}}},"fnMap":{"0":{"name":"(anonymous_0)","decl":{"start":{"line":6,"column":17},"end":{"line":6,"column":23}},"loc":{"start":{"line":6,"column":23},"end":{"line":72,"column":null}},"line":6},"1":{"name":"(anonymous_1)","decl":{"start":{"line":13,"column":23},"end":{"line":13,"column":30}},"loc":{"start":{"line":13,"column":53},"end":{"line":22,"column":null}},"line":13},"2":{"name":"(anonymous_2)","decl":{"start":{"line":35,"column":22},"end":{"line":35,"column":23}},"loc":{"start":{"line":35,"column":29},"end":{"line":35,"column":null}},"line":35},"3":{"name":"(anonymous_3)","decl":{"start":{"line":46,"column":22},"end":{"line":46,"column":23}},"loc":{"start":{"line":46,"column":29},"end":{"line":46,"column":null}},"line":46},"4":{"name":"(anonymous_4)","decl":{"start":{"line":57,"column":22},"end":{"line":57,"column":23}},"loc":{"start":{"line":57,"column":29},"end":{"line":57,"column":null}},"line":57}},"branchMap":{"0":{"loc":{"start":{"line":20,"column":15},"end":{"line":20,"column":67}},"type":"binary-expr","locations":[{"start":{"line":20,"column":15},"end":{"line":20,"column":46}},{"start":{"line":20,"column":46},"end":{"line":20,"column":67}}],"line":20},"1":{"loc":{"start":{"line":28,"column":9},"end":{"line":28,"column":null}},"type":"binary-expr","locations":[{"start":{"line":28,"column":9},"end":{"line":28,"column":18}},{"start":{"line":28,"column":18},"end":{"line":28,"column":null}}],"line":28}},"s":{"0":1,"1":73,"2":73,"3":73,"4":73,"5":73,"6":73,"7":2,"8":2,"9":2,"10":2,"11":1,"12":1,"13":73,"14":14,"15":29,"16":25},"f":{"0":73,"1":2,"2":14,"3":29,"4":25},"b":{"0":[1,0],"1":[73,1]},"meta":{"lastBranch":2,"lastFunction":5,"lastStatement":17,"seen":{"s:6:17:72:Infinity":0,"f:6:17:6:23":0,"s:7:30:7:Infinity":1,"s:8:24:8:Infinity":2,"s:9:30:9:Infinity":3,"s:10:24:10:Infinity":4,"s:11:8:11:Infinity":5,"s:13:23:22:Infinity":6,"f:13:23:13:30":1,"s:14:4:14:Infinity":7,"s:15:4:15:Infinity":8,"s:16:4:21:Infinity":9,"s:17:6:17:Infinity":10,"s:18:6:18:Infinity":11,"s:20:6:20:Infinity":12,"b:20:15:20:46:20:46:20:67":0,"s:24:2:70:Infinity":13,"b:28:9:28:18:28:18:28:Infinity":1,"f:35:22:35:23":2,"s:35:29:35:Infinity":14,"f:46:22:46:23":3,"s:46:29:46:Infinity":15,"f:57:22:57:23":4,"s:57:29:57:Infinity":16}}}
}
